<?xml version="1.0" encoding="UTF-8"?>
<!-- Generated by org.testng.reporters.JUnitXMLReporter -->
<testsuite ignored="0" hostname="LAPTOP-BIM2FR3V" failures="0" tests="3" name="Test" time="38.712" errors="0" timestamp="2024-04-24T22:14:11 IST">
  <testcase classname="testScenarios.DynamicData" name="verifyCal" time="4.242"/>
  <testcase classname="testScenarios.SwichingWindows" name="switchWind" time="30.398"/>
  <testcase classname="testScenarios.MouseHover" name="dragAnddrop" time="3.985"/>
</testsuite> <!-- Test -->
