<?xml version="1.0" encoding="UTF-8"?>
<!-- Generated by org.testng.reporters.JUnitXMLReporter -->
<testsuite ignored="0" hostname="LAPTOP-BIM2FR3V" failures="0" tests="3" name="Test" time="39.923" errors="0" timestamp="2024-05-06T22:34:05 IST">
  <testcase classname="testScenarios.DynamicData" name="verifyCal" time="4.635"/>
  <testcase classname="testScenarios.SwichingWindows" name="switchWind" time="31.344"/>
  <testcase classname="testScenarios.MouseHover" name="dragAnddrop" time="3.882"/>
</testsuite> <!-- Test -->
