<?xml version="1.0" encoding="UTF-8"?>
<testsuite xmlns:xsi="http://www.w3.org/2001/XMLSchema-instance" xsi:noNamespaceSchemaLocation="https://maven.apache.org/surefire/maven-surefire-plugin/xsd/surefire-test-report.xsd" name="TestSuite" time="40.725" tests="3" errors="0" skipped="0" failures="0">
  <properties>
[...]
</properties>
  <testcase name="verifyCal" classname="testScenarios.DynamicData" time="4.637"/>
  <testcase name="switchWind" classname="testScenarios.SwichingWindows" time="31.344"/>
  <testcase name="dragAnddrop" classname="testScenarios.MouseHover" time="3.883"/>
</testsuite>