<?xml version="1.0" encoding="UTF-8"?>
<testng-results ignored="0" total="3" passed="3" failed="0" skipped="0">
  <reporter-output>
  </reporter-output>
  <suite started-at="2024-05-06T22:33:25 IST" name="Suite" finished-at="2024-05-06T22:34:05 IST" duration-ms="39923">
    <groups>
    </groups>
    <test started-at="2024-05-06T22:33:25 IST" name="Test" finished-at="2024-05-06T22:34:05 IST" duration-ms="39923">
      <class name="testScenarios.MouseHover">
        <test-method signature="dragAnddrop()[pri:0, instance:testScenarios.MouseHover@60d8c9b7]" started-at="2024-05-06T22:34:01 IST" name="dragAnddrop" finished-at="2024-05-06T22:34:05 IST" duration-ms="3882" status="PASS">
          <reporter-output>
          </reporter-output>
        </test-method> <!-- dragAnddrop -->
      </class> <!-- testScenarios.MouseHover -->
      <class name="testScenarios.DynamicData">
        <test-method signature="verifyCal()[pri:0, instance:testScenarios.DynamicData@5ccddd20]" started-at="2024-05-06T22:33:25 IST" name="verifyCal" finished-at="2024-05-06T22:33:29 IST" duration-ms="4635" status="PASS">
          <reporter-output>
          </reporter-output>
        </test-method> <!-- verifyCal -->
      </class> <!-- testScenarios.DynamicData -->
      <class name="testScenarios.SwichingWindows">
        <test-method signature="switchWind()[pri:0, instance:testScenarios.SwichingWindows@3967e60c]" started-at="2024-05-06T22:33:29 IST" name="switchWind" finished-at="2024-05-06T22:34:01 IST" duration-ms="31344" status="PASS">
          <reporter-output>
          </reporter-output>
        </test-method> <!-- switchWind -->
      </class> <!-- testScenarios.SwichingWindows -->
    </test> <!-- Test -->
  </suite> <!-- Suite -->
</testng-results>
