<?xml version="1.0" encoding="UTF-8"?>
<testng-results ignored="0" total="3" passed="3" failed="0" skipped="0">
  <reporter-output>
  </reporter-output>
  <suite started-at="2024-04-24T22:13:32 IST" name="Suite" finished-at="2024-04-24T22:14:11 IST" duration-ms="38712">
    <groups>
    </groups>
    <test started-at="2024-04-24T22:13:32 IST" name="Test" finished-at="2024-04-24T22:14:11 IST" duration-ms="38712">
      <class name="testScenarios.MouseHover">
        <test-method signature="dragAnddrop()[pri:0, instance:testScenarios.MouseHover@61df66b6]" started-at="2024-04-24T22:14:07 IST" name="dragAnddrop" finished-at="2024-04-24T22:14:11 IST" duration-ms="3985" status="PASS">
          <reporter-output>
          </reporter-output>
        </test-method> <!-- dragAnddrop -->
      </class> <!-- testScenarios.MouseHover -->
      <class name="testScenarios.DynamicData">
        <test-method signature="verifyCal()[pri:0, instance:testScenarios.DynamicData@3c407114]" started-at="2024-04-24T22:13:32 IST" name="verifyCal" finished-at="2024-04-24T22:13:36 IST" duration-ms="4242" status="PASS">
          <reporter-output>
          </reporter-output>
        </test-method> <!-- verifyCal -->
      </class> <!-- testScenarios.DynamicData -->
      <class name="testScenarios.SwichingWindows">
        <test-method signature="switchWind()[pri:0, instance:testScenarios.SwichingWindows@291ae]" started-at="2024-04-24T22:13:36 IST" name="switchWind" finished-at="2024-04-24T22:14:07 IST" duration-ms="30398" status="PASS">
          <reporter-output>
          </reporter-output>
        </test-method> <!-- switchWind -->
      </class> <!-- testScenarios.SwichingWindows -->
    </test> <!-- Test -->
  </suite> <!-- Suite -->
</testng-results>
